[1.121s] Invoking command in '/home/fabricio/robotica/parcial1/src/ex1': PYTHONPATH=/home/fabricio/robotica/parcial1/build/ex1/prefix_override:/usr/lib/python3/dist-packages/colcon_core/task/python/colcon_distutils_commands:/home/fabricio/robotica/parcial1/install/ex1/lib/python3.10/site-packages:${PYTHONPATH} /usr/bin/python3 -W ignore:setup.py install is deprecated -W ignore:easy_install command is deprecated setup.py egg_info --egg-base ../../build/ex1 build --build-base /home/fabricio/robotica/parcial1/build/ex1/build install --record /home/fabricio/robotica/parcial1/build/ex1/install.log --single-version-externally-managed install_data
[1.539s] running egg_info
[1.541s] writing ../../build/ex1/ex1.egg-info/PKG-INFO
[1.541s] writing dependency_links to ../../build/ex1/ex1.egg-info/dependency_links.txt
[1.542s] writing entry points to ../../build/ex1/ex1.egg-info/entry_points.txt
[1.542s] writing requirements to ../../build/ex1/ex1.egg-info/requires.txt
[1.542s] writing top-level names to ../../build/ex1/ex1.egg-info/top_level.txt
[1.546s] reading manifest file '../../build/ex1/ex1.egg-info/SOURCES.txt'
[1.547s] adding license file 'LICENSE'
[1.548s] writing manifest file '../../build/ex1/ex1.egg-info/SOURCES.txt'
[1.549s] running build
[1.549s] running build_py
[1.549s] copying ex1/node1.py -> /home/fabricio/robotica/parcial1/build/ex1/build/lib/ex1
[1.550s] copying ex1/node3.py -> /home/fabricio/robotica/parcial1/build/ex1/build/lib/ex1
[1.550s] copying ex1/node4.py -> /home/fabricio/robotica/parcial1/build/ex1/build/lib/ex1
[1.551s] copying ex1/node2.py -> /home/fabricio/robotica/parcial1/build/ex1/build/lib/ex1
[1.552s] running install
[1.553s] running install_lib
[1.555s] copying /home/fabricio/robotica/parcial1/build/ex1/build/lib/ex1/node1.py -> /home/fabricio/robotica/parcial1/install/ex1/lib/python3.10/site-packages/ex1
[1.555s] copying /home/fabricio/robotica/parcial1/build/ex1/build/lib/ex1/node3.py -> /home/fabricio/robotica/parcial1/install/ex1/lib/python3.10/site-packages/ex1
[1.556s] copying /home/fabricio/robotica/parcial1/build/ex1/build/lib/ex1/node4.py -> /home/fabricio/robotica/parcial1/install/ex1/lib/python3.10/site-packages/ex1
[1.557s] copying /home/fabricio/robotica/parcial1/build/ex1/build/lib/ex1/node2.py -> /home/fabricio/robotica/parcial1/install/ex1/lib/python3.10/site-packages/ex1
[1.557s] byte-compiling /home/fabricio/robotica/parcial1/install/ex1/lib/python3.10/site-packages/ex1/node1.py to node1.cpython-310.pyc
[1.558s] byte-compiling /home/fabricio/robotica/parcial1/install/ex1/lib/python3.10/site-packages/ex1/node3.py to node3.cpython-310.pyc
[1.559s] byte-compiling /home/fabricio/robotica/parcial1/install/ex1/lib/python3.10/site-packages/ex1/node4.py to node4.cpython-310.pyc
[1.561s] byte-compiling /home/fabricio/robotica/parcial1/install/ex1/lib/python3.10/site-packages/ex1/node2.py to node2.cpython-310.pyc
[1.562s] running install_data
[1.563s] running install_egg_info
[1.566s] removing '/home/fabricio/robotica/parcial1/install/ex1/lib/python3.10/site-packages/ex1-0.0.0-py3.10.egg-info' (and everything under it)
[1.567s] Copying ../../build/ex1/ex1.egg-info to /home/fabricio/robotica/parcial1/install/ex1/lib/python3.10/site-packages/ex1-0.0.0-py3.10.egg-info
[1.568s] running install_scripts
[1.610s] Installing node1 script to /home/fabricio/robotica/parcial1/install/ex1/lib/ex1
[1.611s] Installing node2 script to /home/fabricio/robotica/parcial1/install/ex1/lib/ex1
[1.611s] Installing node3 script to /home/fabricio/robotica/parcial1/install/ex1/lib/ex1
[1.612s] Installing node4 script to /home/fabricio/robotica/parcial1/install/ex1/lib/ex1
[1.612s] Installing node5 script to /home/fabricio/robotica/parcial1/install/ex1/lib/ex1
[1.612s] writing list of installed files to '/home/fabricio/robotica/parcial1/build/ex1/install.log'
[1.682s] Invoked command in '/home/fabricio/robotica/parcial1/src/ex1' returned '0': PYTHONPATH=/home/fabricio/robotica/parcial1/build/ex1/prefix_override:/usr/lib/python3/dist-packages/colcon_core/task/python/colcon_distutils_commands:/home/fabricio/robotica/parcial1/install/ex1/lib/python3.10/site-packages:${PYTHONPATH} /usr/bin/python3 -W ignore:setup.py install is deprecated -W ignore:easy_install command is deprecated setup.py egg_info --egg-base ../../build/ex1 build --build-base /home/fabricio/robotica/parcial1/build/ex1/build install --record /home/fabricio/robotica/parcial1/build/ex1/install.log --single-version-externally-managed install_data
