[1.168s] Invoking command in '/home/fabricio/robotica/parcial1/src/ex1': PYTHONPATH=/home/fabricio/robotica/parcial1/build/ex1/prefix_override:/usr/lib/python3/dist-packages/colcon_core/task/python/colcon_distutils_commands:/home/fabricio/robotica/parcial1/install/ex1/lib/python3.10/site-packages:${PYTHONPATH} /usr/bin/python3 -W ignore:setup.py install is deprecated -W ignore:easy_install command is deprecated setup.py egg_info --egg-base ../../build/ex1 build --build-base /home/fabricio/robotica/parcial1/build/ex1/build install --record /home/fabricio/robotica/parcial1/build/ex1/install.log --single-version-externally-managed install_data
[1.685s] running egg_info
[1.686s] writing ../../build/ex1/ex1.egg-info/PKG-INFO
[1.687s] writing dependency_links to ../../build/ex1/ex1.egg-info/dependency_links.txt
[1.687s] writing entry points to ../../build/ex1/ex1.egg-info/entry_points.txt
[1.688s] writing requirements to ../../build/ex1/ex1.egg-info/requires.txt
[1.688s] writing top-level names to ../../build/ex1/ex1.egg-info/top_level.txt
[1.692s] reading manifest file '../../build/ex1/ex1.egg-info/SOURCES.txt'
[1.692s] adding license file 'LICENSE'
[1.694s] writing manifest file '../../build/ex1/ex1.egg-info/SOURCES.txt'
[1.694s] running build
[1.694s] running build_py
[1.695s] running install
[1.696s] running install_lib
[1.699s] running install_data
[1.699s] running install_egg_info
[1.702s] removing '/home/fabricio/robotica/parcial1/install/ex1/lib/python3.10/site-packages/ex1-0.0.0-py3.10.egg-info' (and everything under it)
[1.703s] Copying ../../build/ex1/ex1.egg-info to /home/fabricio/robotica/parcial1/install/ex1/lib/python3.10/site-packages/ex1-0.0.0-py3.10.egg-info
[1.704s] running install_scripts
[1.747s] Installing node1 script to /home/fabricio/robotica/parcial1/install/ex1/lib/ex1
[1.747s] Installing node2 script to /home/fabricio/robotica/parcial1/install/ex1/lib/ex1
[1.748s] Installing node3 script to /home/fabricio/robotica/parcial1/install/ex1/lib/ex1
[1.748s] Installing node4 script to /home/fabricio/robotica/parcial1/install/ex1/lib/ex1
[1.748s] Installing node5 script to /home/fabricio/robotica/parcial1/install/ex1/lib/ex1
[1.749s] writing list of installed files to '/home/fabricio/robotica/parcial1/build/ex1/install.log'
[1.813s] Invoked command in '/home/fabricio/robotica/parcial1/src/ex1' returned '0': PYTHONPATH=/home/fabricio/robotica/parcial1/build/ex1/prefix_override:/usr/lib/python3/dist-packages/colcon_core/task/python/colcon_distutils_commands:/home/fabricio/robotica/parcial1/install/ex1/lib/python3.10/site-packages:${PYTHONPATH} /usr/bin/python3 -W ignore:setup.py install is deprecated -W ignore:easy_install command is deprecated setup.py egg_info --egg-base ../../build/ex1 build --build-base /home/fabricio/robotica/parcial1/build/ex1/build install --record /home/fabricio/robotica/parcial1/build/ex1/install.log --single-version-externally-managed install_data
