/home/fabricio/robotica/parcial1/install/ex1/lib/python3.10/site-packages/ex1/node1.py
/home/fabricio/robotica/parcial1/install/ex1/lib/python3.10/site-packages/ex1/node3.py
/home/fabricio/robotica/parcial1/install/ex1/lib/python3.10/site-packages/ex1/node5.py
/home/fabricio/robotica/parcial1/install/ex1/lib/python3.10/site-packages/ex1/__init__.py
/home/fabricio/robotica/parcial1/install/ex1/lib/python3.10/site-packages/ex1/node4.py
/home/fabricio/robotica/parcial1/install/ex1/lib/python3.10/site-packages/ex1/node2.py
/home/fabricio/robotica/parcial1/install/ex1/lib/python3.10/site-packages/ex1/__pycache__/node1.cpython-310.pyc
/home/fabricio/robotica/parcial1/install/ex1/lib/python3.10/site-packages/ex1/__pycache__/node3.cpython-310.pyc
/home/fabricio/robotica/parcial1/install/ex1/lib/python3.10/site-packages/ex1/__pycache__/node5.cpython-310.pyc
/home/fabricio/robotica/parcial1/install/ex1/lib/python3.10/site-packages/ex1/__pycache__/__init__.cpython-310.pyc
/home/fabricio/robotica/parcial1/install/ex1/lib/python3.10/site-packages/ex1/__pycache__/node4.cpython-310.pyc
/home/fabricio/robotica/parcial1/install/ex1/lib/python3.10/site-packages/ex1/__pycache__/node2.cpython-310.pyc
/home/fabricio/robotica/parcial1/install/ex1/share/ament_index/resource_index/packages/ex1
/home/fabricio/robotica/parcial1/install/ex1/share/ex1/package.xml
/home/fabricio/robotica/parcial1/install/ex1/share/ex1/launch/sistema.launch.py
/home/fabricio/robotica/parcial1/install/ex1/lib/python3.10/site-packages/ex1-0.0.0-py3.10.egg-info/requires.txt
/home/fabricio/robotica/parcial1/install/ex1/lib/python3.10/site-packages/ex1-0.0.0-py3.10.egg-info/dependency_links.txt
/home/fabricio/robotica/parcial1/install/ex1/lib/python3.10/site-packages/ex1-0.0.0-py3.10.egg-info/SOURCES.txt
/home/fabricio/robotica/parcial1/install/ex1/lib/python3.10/site-packages/ex1-0.0.0-py3.10.egg-info/entry_points.txt
/home/fabricio/robotica/parcial1/install/ex1/lib/python3.10/site-packages/ex1-0.0.0-py3.10.egg-info/top_level.txt
/home/fabricio/robotica/parcial1/install/ex1/lib/python3.10/site-packages/ex1-0.0.0-py3.10.egg-info/zip-safe
/home/fabricio/robotica/parcial1/install/ex1/lib/python3.10/site-packages/ex1-0.0.0-py3.10.egg-info/PKG-INFO
/home/fabricio/robotica/parcial1/install/ex1/lib/ex1/node1
/home/fabricio/robotica/parcial1/install/ex1/lib/ex1/node2
/home/fabricio/robotica/parcial1/install/ex1/lib/ex1/node3
/home/fabricio/robotica/parcial1/install/ex1/lib/ex1/node4
/home/fabricio/robotica/parcial1/install/ex1/lib/ex1/node5
