[1.180s] Invoking command in '/home/fabricio/robotica/parcial1/src/ex1': PYTHONPATH=/home/fabricio/robotica/parcial1/build/ex1/prefix_override:/usr/lib/python3/dist-packages/colcon_core/task/python/colcon_distutils_commands:/home/fabricio/robotica/parcial1/install/ex1/lib/python3.10/site-packages:${PYTHONPATH} /usr/bin/python3 -W ignore:setup.py install is deprecated -W ignore:easy_install command is deprecated setup.py egg_info --egg-base ../../build/ex1 build --build-base /home/fabricio/robotica/parcial1/build/ex1/build install --record /home/fabricio/robotica/parcial1/build/ex1/install.log --single-version-externally-managed install_data
[1.646s] running egg_info
[1.647s] writing ../../build/ex1/ex1.egg-info/PKG-INFO
[1.648s] writing dependency_links to ../../build/ex1/ex1.egg-info/dependency_links.txt
[1.648s] writing entry points to ../../build/ex1/ex1.egg-info/entry_points.txt
[1.649s] writing requirements to ../../build/ex1/ex1.egg-info/requires.txt
[1.649s] writing top-level names to ../../build/ex1/ex1.egg-info/top_level.txt
[1.653s] reading manifest file '../../build/ex1/ex1.egg-info/SOURCES.txt'
[1.653s] adding license file 'LICENSE'
[1.654s] writing manifest file '../../build/ex1/ex1.egg-info/SOURCES.txt'
[1.655s] running build
[1.655s] running build_py
[1.656s] copying ex1/node1.py -> /home/fabricio/robotica/parcial1/build/ex1/build/lib/ex1
[1.656s] copying ex1/node3.py -> /home/fabricio/robotica/parcial1/build/ex1/build/lib/ex1
[1.656s] copying ex1/node5.py -> /home/fabricio/robotica/parcial1/build/ex1/build/lib/ex1
[1.657s] copying ex1/node4.py -> /home/fabricio/robotica/parcial1/build/ex1/build/lib/ex1
[1.658s] copying ex1/node2.py -> /home/fabricio/robotica/parcial1/build/ex1/build/lib/ex1
[1.658s] running install
[1.658s] running install_lib
[1.660s] copying /home/fabricio/robotica/parcial1/build/ex1/build/lib/ex1/node1.py -> /home/fabricio/robotica/parcial1/install/ex1/lib/python3.10/site-packages/ex1
[1.660s] copying /home/fabricio/robotica/parcial1/build/ex1/build/lib/ex1/node3.py -> /home/fabricio/robotica/parcial1/install/ex1/lib/python3.10/site-packages/ex1
[1.661s] copying /home/fabricio/robotica/parcial1/build/ex1/build/lib/ex1/node5.py -> /home/fabricio/robotica/parcial1/install/ex1/lib/python3.10/site-packages/ex1
[1.661s] copying /home/fabricio/robotica/parcial1/build/ex1/build/lib/ex1/node4.py -> /home/fabricio/robotica/parcial1/install/ex1/lib/python3.10/site-packages/ex1
[1.662s] copying /home/fabricio/robotica/parcial1/build/ex1/build/lib/ex1/node2.py -> /home/fabricio/robotica/parcial1/install/ex1/lib/python3.10/site-packages/ex1
[1.662s] byte-compiling /home/fabricio/robotica/parcial1/install/ex1/lib/python3.10/site-packages/ex1/node1.py to node1.cpython-310.pyc
[1.663s] byte-compiling /home/fabricio/robotica/parcial1/install/ex1/lib/python3.10/site-packages/ex1/node3.py to node3.cpython-310.pyc
[1.665s] byte-compiling /home/fabricio/robotica/parcial1/install/ex1/lib/python3.10/site-packages/ex1/node5.py to node5.cpython-310.pyc
[1.666s] byte-compiling /home/fabricio/robotica/parcial1/install/ex1/lib/python3.10/site-packages/ex1/node4.py to node4.cpython-310.pyc
[1.667s] byte-compiling /home/fabricio/robotica/parcial1/install/ex1/lib/python3.10/site-packages/ex1/node2.py to node2.cpython-310.pyc
[1.669s] running install_data
[1.669s] running install_egg_info
[1.673s] removing '/home/fabricio/robotica/parcial1/install/ex1/lib/python3.10/site-packages/ex1-0.0.0-py3.10.egg-info' (and everything under it)
[1.673s] Copying ../../build/ex1/ex1.egg-info to /home/fabricio/robotica/parcial1/install/ex1/lib/python3.10/site-packages/ex1-0.0.0-py3.10.egg-info
[1.675s] running install_scripts
[1.716s] Installing node1 script to /home/fabricio/robotica/parcial1/install/ex1/lib/ex1
[1.716s] Installing node2 script to /home/fabricio/robotica/parcial1/install/ex1/lib/ex1
[1.717s] Installing node3 script to /home/fabricio/robotica/parcial1/install/ex1/lib/ex1
[1.717s] Installing node4 script to /home/fabricio/robotica/parcial1/install/ex1/lib/ex1
[1.717s] Installing node5 script to /home/fabricio/robotica/parcial1/install/ex1/lib/ex1
[1.718s] writing list of installed files to '/home/fabricio/robotica/parcial1/build/ex1/install.log'
[1.785s] Invoked command in '/home/fabricio/robotica/parcial1/src/ex1' returned '0': PYTHONPATH=/home/fabricio/robotica/parcial1/build/ex1/prefix_override:/usr/lib/python3/dist-packages/colcon_core/task/python/colcon_distutils_commands:/home/fabricio/robotica/parcial1/install/ex1/lib/python3.10/site-packages:${PYTHONPATH} /usr/bin/python3 -W ignore:setup.py install is deprecated -W ignore:easy_install command is deprecated setup.py egg_info --egg-base ../../build/ex1 build --build-base /home/fabricio/robotica/parcial1/build/ex1/build install --record /home/fabricio/robotica/parcial1/build/ex1/install.log --single-version-externally-managed install_data
