[1.145s] Invoking command in '/home/fabricio/robotica/parcial1/src/ex1': PYTHONPATH=/home/fabricio/robotica/parcial1/build/ex1/prefix_override:/usr/lib/python3/dist-packages/colcon_core/task/python/colcon_distutils_commands:/home/fabricio/robotica/parcial1/install/ex1/lib/python3.10/site-packages:${PYTHONPATH} /usr/bin/python3 -W ignore:setup.py install is deprecated -W ignore:easy_install command is deprecated setup.py egg_info --egg-base ../../build/ex1 build --build-base /home/fabricio/robotica/parcial1/build/ex1/build install --record /home/fabricio/robotica/parcial1/build/ex1/install.log --single-version-externally-managed install_data
[1.595s] running egg_info
[1.596s] writing ../../build/ex1/ex1.egg-info/PKG-INFO
[1.596s] writing dependency_links to ../../build/ex1/ex1.egg-info/dependency_links.txt
[1.597s] writing entry points to ../../build/ex1/ex1.egg-info/entry_points.txt
[1.597s] writing requirements to ../../build/ex1/ex1.egg-info/requires.txt
[1.597s] writing top-level names to ../../build/ex1/ex1.egg-info/top_level.txt
[1.601s] reading manifest file '../../build/ex1/ex1.egg-info/SOURCES.txt'
[1.602s] adding license file 'LICENSE'
[1.603s] writing manifest file '../../build/ex1/ex1.egg-info/SOURCES.txt'
[1.604s] running build
[1.604s] running build_py
[1.604s] copying ex1/node5.py -> /home/fabricio/robotica/parcial1/build/ex1/build/lib/ex1
[1.605s] running install
[1.606s] running install_lib
[1.608s] copying /home/fabricio/robotica/parcial1/build/ex1/build/lib/ex1/node5.py -> /home/fabricio/robotica/parcial1/install/ex1/lib/python3.10/site-packages/ex1
[1.610s] byte-compiling /home/fabricio/robotica/parcial1/install/ex1/lib/python3.10/site-packages/ex1/node5.py to node5.cpython-310.pyc
[1.611s] running install_data
[1.611s] running install_egg_info
[1.615s] removing '/home/fabricio/robotica/parcial1/install/ex1/lib/python3.10/site-packages/ex1-0.0.0-py3.10.egg-info' (and everything under it)
[1.616s] Copying ../../build/ex1/ex1.egg-info to /home/fabricio/robotica/parcial1/install/ex1/lib/python3.10/site-packages/ex1-0.0.0-py3.10.egg-info
[1.618s] running install_scripts
[1.660s] Installing node1 script to /home/fabricio/robotica/parcial1/install/ex1/lib/ex1
[1.660s] Installing node2 script to /home/fabricio/robotica/parcial1/install/ex1/lib/ex1
[1.661s] Installing node3 script to /home/fabricio/robotica/parcial1/install/ex1/lib/ex1
[1.661s] Installing node4 script to /home/fabricio/robotica/parcial1/install/ex1/lib/ex1
[1.661s] Installing node5 script to /home/fabricio/robotica/parcial1/install/ex1/lib/ex1
[1.663s] writing list of installed files to '/home/fabricio/robotica/parcial1/build/ex1/install.log'
[1.730s] Invoked command in '/home/fabricio/robotica/parcial1/src/ex1' returned '0': PYTHONPATH=/home/fabricio/robotica/parcial1/build/ex1/prefix_override:/usr/lib/python3/dist-packages/colcon_core/task/python/colcon_distutils_commands:/home/fabricio/robotica/parcial1/install/ex1/lib/python3.10/site-packages:${PYTHONPATH} /usr/bin/python3 -W ignore:setup.py install is deprecated -W ignore:easy_install command is deprecated setup.py egg_info --egg-base ../../build/ex1 build --build-base /home/fabricio/robotica/parcial1/build/ex1/build install --record /home/fabricio/robotica/parcial1/build/ex1/install.log --single-version-externally-managed install_data
